This is pdfTeX, Version 3.141592653-2.6-1.40.27 (MiKTeX 25.4) (preloaded format=pdflatex 2025.7.1)  13 JAN 2026 17:17
entering extended mode
 restricted \write18 enabled.
 file:line:error style messages enabled.
 %&-line parsing enabled.
**"c:/Users/ALBERTO TRELLES/Dropbox/Religion-Covid/Overleaf/preliminary_results.tex"
(c:/Users/ALBERTO TRELLES/Dropbox/Religion-Covid/Overleaf/preliminary_results.tex
LaTeX2e <2025-06-01> patch level 1
L3 programming layer <2025-06-09>
(C:\Users\ALBERTO TRELLES\AppData\Local\Programs\MiKTeX\tex/latex/base\article.cls
Document Class: article 2025/01/22 v1.4n Standard LaTeX document class
(C:\Users\ALBERTO TRELLES\AppData\Local\Programs\MiKTeX\tex/latex/base\size10.clo
File: size10.clo 2025/01/22 v1.4n Standard LaTeX file (size option)
)
\c@part=\count275
\c@section=\count276
\c@subsection=\count277
\c@subsubsection=\count278
\c@paragraph=\count279
\c@subparagraph=\count280
\c@figure=\count281
\c@table=\count282
\abovecaptionskip=\skip49
\belowcaptionskip=\skip50
\bibindent=\dimen148
) (C:\Users\ALBERTO TRELLES\AppData\Local\Programs\MiKTeX\tex/latex/graphics\graphicx.sty
Package: graphicx 2024/12/31 v1.2e Enhanced LaTeX Graphics (DPC,SPQR)
 (C:\Users\ALBERTO TRELLES\AppData\Local\Programs\MiKTeX\tex/latex/graphics\keyval.sty
Package: keyval 2022/05/29 v1.15 key=value parser (DPC)
\KV@toks@=\toks17
) (C:\Users\ALBERTO TRELLES\AppData\Local\Programs\MiKTeX\tex/latex/graphics\graphics.sty
Package: graphics 2024/08/06 v1.4g Standard LaTeX Graphics (DPC,SPQR)
 (C:\Users\ALBERTO TRELLES\AppData\Local\Programs\MiKTeX\tex/latex/graphics\trig.sty
Package: trig 2023/12/02 v1.11 sin cos tan (DPC)
) (C:\Users\ALBERTO TRELLES\AppData\Local\Programs\MiKTeX\tex/latex/graphics-cfg\graphics.cfg
File: graphics.cfg 2016/06/04 v1.11 sample graphics configuration
)
Package graphics Info: Driver file: pdftex.def on input line 106.
 (C:\Users\ALBERTO TRELLES\AppData\Local\Programs\MiKTeX\tex/latex/graphics-def\pdftex.def
File: pdftex.def 2024/04/13 v1.2c Graphics/color driver for pdftex
))
\Gin@req@height=\dimen149
\Gin@req@width=\dimen150
) (C:\Users\ALBERTO TRELLES\AppData\Local\Programs\MiKTeX\tex/latex/ragged2e\ragged2e.sty
Package: ragged2e 2023/06/22 v3.6 ragged2e Package
\CenteringLeftskip=\skip51
\RaggedLeftLeftskip=\skip52
\RaggedRightLeftskip=\skip53
\CenteringRightskip=\skip54
\RaggedLeftRightskip=\skip55
\RaggedRightRightskip=\skip56
\CenteringParfillskip=\skip57
\RaggedLeftParfillskip=\skip58
\RaggedRightParfillskip=\skip59
\JustifyingParfillskip=\skip60
\CenteringParindent=\skip61
\RaggedLeftParindent=\skip62
\RaggedRightParindent=\skip63
\JustifyingParindent=\skip64
) (C:\Users\ALBERTO TRELLES\AppData\Local\Programs\MiKTeX\tex/latex/tools\array.sty
Package: array 2025/06/08 v2.6j Tabular extension package (FMi)
\col@sep=\dimen151
\ar@mcellbox=\box53
\extrarowheight=\dimen152
\NC@list=\toks18
\extratabsurround=\skip65
\backup@length=\skip66
\ar@cellbox=\box54
) (C:\Users\ALBERTO TRELLES\AppData\Local\Programs\MiKTeX\tex/latex/geometry\geometry.sty
Package: geometry 2020/01/02 v5.9 Page Geometry
 (C:\Users\ALBERTO TRELLES\AppData\Local\Programs\MiKTeX\tex/generic/iftex\ifvtex.sty
Package: ifvtex 2019/10/25 v1.7 ifvtex legacy package. Use iftex instead.
 (C:\Users\ALBERTO TRELLES\AppData\Local\Programs\MiKTeX\tex/generic/iftex\iftex.sty
Package: iftex 2024/12/12 v1.0g TeX engine tests
))
\Gm@cnth=\count283
\Gm@cntv=\count284
\c@Gm@tempcnt=\count285
\Gm@bindingoffset=\dimen153
\Gm@wd@mp=\dimen154
\Gm@odd@mp=\dimen155
\Gm@even@mp=\dimen156
\Gm@layoutwidth=\dimen157
\Gm@layoutheight=\dimen158
\Gm@layouthoffset=\dimen159
\Gm@layoutvoffset=\dimen160
\Gm@dimlist=\toks19
 (C:\Users\ALBERTO TRELLES\AppData\Local\Programs\MiKTeX\tex/latex/geometry\geometry.cfg)) (C:\Users\ALBERTO TRELLES\AppData\Local\Programs\MiKTeX\tex/latex/amsfonts\amssymb.sty
Package: amssymb 2013/01/14 v3.01 AMS font symbols
 (C:\Users\ALBERTO TRELLES\AppData\Local\Programs\MiKTeX\tex/latex/amsfonts\amsfonts.sty
Package: amsfonts 2013/01/14 v3.01 Basic AMSFonts support
\@emptytoks=\toks20
\symAMSa=\mathgroup4
\symAMSb=\mathgroup5
LaTeX Font Info:    Redeclaring math symbol \hbar on input line 98.
LaTeX Font Info:    Overwriting math alphabet `\mathfrak' in version `bold'
(Font)                  U/euf/m/n --> U/euf/b/n on input line 106.
)) (C:\Users\ALBERTO TRELLES\AppData\Local\Programs\MiKTeX\tex/latex/pdflscape\pdflscape.sty
Package: pdflscape 2022-10-27 v0.13 Display of landscape pages in PDF
 (C:\Users\ALBERTO TRELLES\AppData\Local\Programs\MiKTeX\tex/latex/pdflscape\pdflscape-nometadata.sty
Package: pdflscape-nometadata 2022-10-28 v0.13 Display of landscape pages in PDF (HO)
 (C:\Users\ALBERTO TRELLES\AppData\Local\Programs\MiKTeX\tex/latex/graphics\lscape.sty
Package: lscape 2020/05/28 v3.02 Landscape Pages (DPC)
)
Package pdflscape Info: Auto-detected driver: pdftex on input line 81.
)) (C:\Users\ALBERTO TRELLES\AppData\Local\Programs\MiKTeX\tex/latex/xcolor\xcolor.sty
Package: xcolor 2024/09/29 v3.02 LaTeX color extensions (UK)
 (C:\Users\ALBERTO TRELLES\AppData\Local\Programs\MiKTeX\tex/latex/graphics-cfg\color.cfg
File: color.cfg 2016/01/02 v1.6 sample color configuration
)
Package xcolor Info: Driver file: pdftex.def on input line 274.
 (C:\Users\ALBERTO TRELLES\AppData\Local\Programs\MiKTeX\tex/latex/graphics\mathcolor.ltx)
Package xcolor Info: Model `cmy' substituted by `cmy0' on input line 1349.
Package xcolor Info: Model `hsb' substituted by `rgb' on input line 1353.
Package xcolor Info: Model `RGB' extended on input line 1365.
Package xcolor Info: Model `HTML' substituted by `rgb' on input line 1367.
Package xcolor Info: Model `Hsb' substituted by `hsb' on input line 1368.
Package xcolor Info: Model `tHsb' substituted by `hsb' on input line 1369.
Package xcolor Info: Model `HSB' substituted by `hsb' on input line 1370.
Package xcolor Info: Model `Gray' substituted by `gray' on input line 1371.
Package xcolor Info: Model `wave' substituted by `hsb' on input line 1372.
) (C:\Users\ALBERTO TRELLES\AppData\Local\Programs\MiKTeX\tex/latex/booktabs\booktabs.sty
Package: booktabs 2020/01/12 v1.61803398 Publication quality tables
\heavyrulewidth=\dimen161
\lightrulewidth=\dimen162
\cmidrulewidth=\dimen163
\belowrulesep=\dimen164
\belowbottomsep=\dimen165
\aboverulesep=\dimen166
\abovetopsep=\dimen167
\cmidrulesep=\dimen168
\cmidrulekern=\dimen169
\defaultaddspace=\dimen170
\@cmidla=\count286
\@cmidlb=\count287
\@aboverulesep=\dimen171
\@belowrulesep=\dimen172
\@thisruleclass=\count288
\@lastruleclass=\count289
\@thisrulewidth=\dimen173
) (C:\Users\ALBERTO TRELLES\AppData\Local\Programs\MiKTeX\tex/latex/multirow\multirow.sty
Package: multirow 2024/11/12 v2.9 Span multiple rows of a table
\multirow@colwidth=\skip67
\multirow@cntb=\count290
\multirow@dima=\skip68
\bigstrutjot=\dimen174
) (C:\Users\ALBERTO TRELLES\AppData\Local\Programs\MiKTeX\tex/latex/tools\multicol.sty
Package: multicol 2025/05/25 v2.0a multicolumn formatting (FMi)
\c@tracingmulticols=\count291
\mult@box=\box55
\multicol@leftmargin=\dimen175
\c@unbalance=\count292
\c@collectmore=\count293
\doublecol@number=\count294
\multicoltolerance=\count295
\multicolpretolerance=\count296
\full@width=\dimen176
\page@free=\dimen177
\premulticols=\dimen178
\postmulticols=\dimen179
\multicolsep=\skip69
\multicolbaselineskip=\skip70
\partial@page=\box56
\last@line=\box57
\mc@boxedresult=\box58
\maxbalancingoverflow=\dimen180
\mult@rightbox=\box59
\mult@grightbox=\box60
\mult@firstbox=\box61
\mult@gfirstbox=\box62
\@tempa=\box63
\@tempa=\box64
\@tempa=\box65
\@tempa=\box66
\@tempa=\box67
\@tempa=\box68
\@tempa=\box69
\@tempa=\box70
\@tempa=\box71
\@tempa=\box72
\@tempa=\box73
\@tempa=\box74
\@tempa=\box75
\@tempa=\box76
\@tempa=\box77
\@tempa=\box78
\@tempa=\box79
\@tempa=\box80
\@tempa=\box81
\@tempa=\box82
\@tempa=\box83
\@tempa=\box84
\@tempa=\box85
\@tempa=\box86
\@tempa=\box87
\@tempa=\box88
\@tempa=\box89
\@tempa=\box90
\@tempa=\box91
\@tempa=\box92
\@tempa=\box93
\@tempa=\box94
\@tempa=\box95
\@tempa=\box96
\@tempa=\box97
\@tempa=\box98
\c@minrows=\count297
\c@columnbadness=\count298
\c@finalcolumnbadness=\count299
\last@try=\dimen181
\multicolovershoot=\dimen182
\multicolundershoot=\dimen183
\mult@nat@firstbox=\box99
\colbreak@box=\box100
\mc@col@check@num=\count300
\g__mc_curr_col_int=\count301
) (C:\Users\ALBERTO TRELLES\AppData\Local\Programs\MiKTeX\tex/latex/doublestroke\dsfont.sty
Package: dsfont 1995/08/01 v0.1 Double stroke roman fonts
) (C:\Users\ALBERTO TRELLES\AppData\Local\Programs\MiKTeX\tex/latex/l3backend\l3backend-pdftex.def
File: l3backend-pdftex.def 2025-06-09 L3 backend support: PDF output (pdfTeX)
\l__color_backend_stack_int=\count302
) (preliminary_results.aux)
\openout1 = `preliminary_results.aux'.

LaTeX Font Info:    Checking defaults for OML/cmm/m/it on input line 18.
LaTeX Font Info:    ... okay on input line 18.
LaTeX Font Info:    Checking defaults for OMS/cmsy/m/n on input line 18.
LaTeX Font Info:    ... okay on input line 18.
LaTeX Font Info:    Checking defaults for OT1/cmr/m/n on input line 18.
LaTeX Font Info:    ... okay on input line 18.
LaTeX Font Info:    Checking defaults for T1/cmr/m/n on input line 18.
LaTeX Font Info:    ... okay on input line 18.
LaTeX Font Info:    Checking defaults for TS1/cmr/m/n on input line 18.
LaTeX Font Info:    ... okay on input line 18.
LaTeX Font Info:    Checking defaults for OMX/cmex/m/n on input line 18.
LaTeX Font Info:    ... okay on input line 18.
LaTeX Font Info:    Checking defaults for U/cmr/m/n on input line 18.
LaTeX Font Info:    ... okay on input line 18.
 (C:\Users\ALBERTO TRELLES\AppData\Local\Programs\MiKTeX\tex/context/base/mkii\supp-pdf.mkii
[Loading MPS to PDF converter (version 2006.09.02).]
\scratchcounter=\count303
\scratchdimen=\dimen184
\scratchbox=\box101
\nofMPsegments=\count304
\nofMParguments=\count305
\everyMPshowfont=\toks21
\MPscratchCnt=\count306
\MPscratchDim=\dimen185
\MPnumerator=\count307
\makeMPintoPDFobject=\count308
\everyMPtoPDFconversion=\toks22
) (C:\Users\ALBERTO TRELLES\AppData\Local\Programs\MiKTeX\tex/latex/epstopdf-pkg\epstopdf-base.sty
Package: epstopdf-base 2020-01-24 v2.11 Base part for package epstopdf
Package epstopdf-base Info: Redefining graphics rule for `.eps' on input line 485.
 (C:\Users\ALBERTO TRELLES\AppData\Local\Programs\MiKTeX\tex/latex/00miktex\epstopdf-sys.cfg
File: epstopdf-sys.cfg 2021/03/18 v2.0 Configuration of epstopdf for MiKTeX
))
*geometry* driver: auto-detecting
*geometry* detected driver: pdftex
*geometry* verbose mode - [ preamble ] result:
* driver: pdftex
* paper: <default>
* layout: <same size as paper>
* layoutoffset:(h,v)=(0.0pt,0.0pt)
* modes: 
* h-part:(L,W,R)=(92.14519pt, 430.00462pt, 92.14519pt)
* v-part:(T,H,B)=(95.39737pt, 556.47656pt, 143.09605pt)
* \paperwidth=614.295pt
* \paperheight=794.96999pt
* \textwidth=430.00462pt
* \textheight=556.47656pt
* \oddsidemargin=19.8752pt
* \evensidemargin=19.8752pt
* \topmargin=-13.87262pt
* \headheight=12.0pt
* \headsep=25.0pt
* \topskip=10.0pt
* \footskip=30.0pt
* \marginparwidth=65.0pt
* \marginparsep=11.0pt
* \columnsep=10.0pt
* \skip\footins=9.0pt plus 4.0pt minus 2.0pt
* \hoffset=0.0pt
* \voffset=0.0pt
* \mag=1000
* \@twocolumnfalse
* \@twosidefalse
* \@mparswitchfalse
* \@reversemarginfalse
* (1in=72.27pt=25.4mm, 1cm=28.453pt)

*geometry* verbose mode - [ newgeometry ] result:
* driver: pdftex
* paper: <default>
* layout: <same size as paper>
* layoutoffset:(h,v)=(0.0pt,0.0pt)
* modes: 
* h-part:(L,W,R)=(71.13188pt, 472.03123pt, 71.13188pt)
* v-part:(T,H,B)=(71.13188pt, 652.70622pt, 71.13188pt)
* \paperwidth=614.295pt
* \paperheight=794.96999pt
* \textwidth=472.03123pt
* \textheight=652.70622pt
* \oddsidemargin=-1.1381pt
* \evensidemargin=-1.1381pt
* \topmargin=-38.1381pt
* \headheight=12.0pt
* \headsep=25.0pt
* \topskip=10.0pt
* \footskip=30.0pt
* \marginparwidth=65.0pt
* \marginparsep=11.0pt
* \columnsep=10.0pt
* \skip\footins=9.0pt plus 4.0pt minus 2.0pt
* \hoffset=0.0pt
* \voffset=0.0pt
* \mag=1000
* \@twocolumnfalse
* \@twosidefalse
* \@mparswitchfalse
* \@reversemarginfalse
* (1in=72.27pt=25.4mm, 1cm=28.453pt)

LaTeX Font Info:    Trying to load font information for U+msa on input line 25.
(C:\Users\ALBERTO TRELLES\AppData\Local\Programs\MiKTeX\tex/latex/amsfonts\umsa.fd
File: umsa.fd 2013/01/14 v3.01 AMS symbols A
)
LaTeX Font Info:    Trying to load font information for U+msb on input line 25.
 (C:\Users\ALBERTO TRELLES\AppData\Local\Programs\MiKTeX\tex/latex/amsfonts\umsb.fd
File: umsb.fd 2013/01/14 v3.01 AMS symbols B
)
LaTeX Font Info:    Trying to load font information for U+dsrom on input line 38.
 (C:\Users\ALBERTO TRELLES\AppData\Local\Programs\MiKTeX\tex/latex/doublestroke\udsrom.fd
File: Udsrom.fd 1995/08/01 v0.1 Double stroke roman font definitions
)

[1


{C:/Users/ALBERTO TRELLES/AppData/Local/MiKTeX/fonts/map/pdftex/pdftex.map}] (Tables/faith_fe1.tex) (Tables/god_fe1.tex) (Tables/prayer_fe1.tex) (Tables/meditation_fe1.tex) (Tables/religion_fe1.tex) (Tables/spirituality_fe1.tex)
Overfull \hbox (22.28502pt too wide) in paragraph at lines 95--96
 [] 
 []



[2] (Tables/astrology_subcat_fe1.tex) (Tables/buddhism_subcat_fe1.tex) (Tables/christianity_subcat_fe1.tex) (Tables/hinduism_subcat_fe1.tex) (Tables/islam_subcat_fe1.tex) (Tables/judaism_subcat_fe1.tex) (Tables/occult_subcat_fe1.tex) (Tables/paganism_subcat_fe1.tex) (Tables/worship_subcat_fe1.tex) (Tables/scientology_subcat_fe1.tex) (Tables/selfhelp_subcat_fe1.tex) (Tables/skeptics_subcat_fe1.tex) (Tables/spirituality_subcat_fe1.tex) (Tables/theology_subcat_fe1.tex)

[3]
<Figures/pretrends_Faith_fe1.png, id=26, 848.16875pt x 508.90125pt>
File: Figures/pretrends_Faith_fe1.png Graphic file (type png)
<use Figures/pretrends_Faith_fe1.png>
Package pdftex.def Info: Figures/pretrends_Faith_fe1.png  used on input line 156.
(pdftex.def)             Requested size: 212.04166pt x 127.22499pt.
<Figures/pretrends_God_fe1.png, id=27, 848.16875pt x 508.90125pt>
File: Figures/pretrends_God_fe1.png Graphic file (type png)
<use Figures/pretrends_God_fe1.png>
Package pdftex.def Info: Figures/pretrends_God_fe1.png  used on input line 157.
(pdftex.def)             Requested size: 212.04166pt x 127.22499pt.
<Figures/pretrends_Prayer_fe1.png, id=28, 848.16875pt x 508.90125pt>
File: Figures/pretrends_Prayer_fe1.png Graphic file (type png)
<use Figures/pretrends_Prayer_fe1.png>
Package pdftex.def Info: Figures/pretrends_Prayer_fe1.png  used on input line 162.
(pdftex.def)             Requested size: 212.04166pt x 127.22499pt.
<Figures/pretrends_Meditation_fe1.png, id=29, 848.16875pt x 508.90125pt>
File: Figures/pretrends_Meditation_fe1.png Graphic file (type png)
<use Figures/pretrends_Meditation_fe1.png>
Package pdftex.def Info: Figures/pretrends_Meditation_fe1.png  used on input line 163.
(pdftex.def)             Requested size: 212.04166pt x 127.22499pt.
<Figures/pretrends_Religion_fe1.png, id=30, 848.16875pt x 508.90125pt>
File: Figures/pretrends_Religion_fe1.png Graphic file (type png)
<use Figures/pretrends_Religion_fe1.png>
Package pdftex.def Info: Figures/pretrends_Religion_fe1.png  used on input line 168.
(pdftex.def)             Requested size: 212.04166pt x 127.22499pt.
<Figures/pretrends_Spirituality_fe1.png, id=31, 848.16875pt x 508.90125pt>
File: Figures/pretrends_Spirituality_fe1.png Graphic file (type png)
<use Figures/pretrends_Spirituality_fe1.png>
Package pdftex.def Info: Figures/pretrends_Spirituality_fe1.png  used on input line 169.
(pdftex.def)             Requested size: 212.04166pt x 127.22499pt.


[4 <./Figures/pretrends_Faith_fe1.png (PNG copy)> <./Figures/pretrends_God_fe1.png (PNG copy)> <./Figures/pretrends_Prayer_fe1.png (PNG copy)> <./Figures/pretrends_Meditation_fe1.png (PNG copy)> <./Figures/pretrends_Religion_fe1.png (PNG copy)> <./Figures/pretrends_Spirituality_fe1.png (PNG copy)>]
<Figures/pretrends_Astrology_fe1_subcat.png, id=35, 848.16875pt x 508.90125pt>
File: Figures/pretrends_Astrology_fe1_subcat.png Graphic file (type png)
<use Figures/pretrends_Astrology_fe1_subcat.png>
Package pdftex.def Info: Figures/pretrends_Astrology_fe1_subcat.png  used on input line 190.
(pdftex.def)             Requested size: 212.04166pt x 127.22499pt.
<Figures/pretrends_Buddhism_fe1_subcat.png, id=36, 848.16875pt x 508.90125pt>
File: Figures/pretrends_Buddhism_fe1_subcat.png Graphic file (type png)
<use Figures/pretrends_Buddhism_fe1_subcat.png>
Package pdftex.def Info: Figures/pretrends_Buddhism_fe1_subcat.png  used on input line 191.
(pdftex.def)             Requested size: 212.04166pt x 127.22499pt.
<Figures/pretrends_Christianity_fe1_subcat.png, id=37, 848.16875pt x 508.90125pt>
File: Figures/pretrends_Christianity_fe1_subcat.png Graphic file (type png)
<use Figures/pretrends_Christianity_fe1_subcat.png>
Package pdftex.def Info: Figures/pretrends_Christianity_fe1_subcat.png  used on input line 192.
(pdftex.def)             Requested size: 212.04166pt x 127.22499pt.
<Figures/pretrends_Hinduism_fe1_subcat.png, id=38, 848.16875pt x 508.90125pt>
File: Figures/pretrends_Hinduism_fe1_subcat.png Graphic file (type png)
<use Figures/pretrends_Hinduism_fe1_subcat.png>
Package pdftex.def Info: Figures/pretrends_Hinduism_fe1_subcat.png  used on input line 197.
(pdftex.def)             Requested size: 212.04166pt x 127.22499pt.
<Figures/pretrends_Islam_fe1_subcat.png, id=39, 848.16875pt x 508.90125pt>
File: Figures/pretrends_Islam_fe1_subcat.png Graphic file (type png)
<use Figures/pretrends_Islam_fe1_subcat.png>
Package pdftex.def Info: Figures/pretrends_Islam_fe1_subcat.png  used on input line 198.
(pdftex.def)             Requested size: 212.04166pt x 127.22499pt.
<Figures/pretrends_Judaism_fe1_subcat.png, id=40, 848.16875pt x 508.90125pt>
File: Figures/pretrends_Judaism_fe1_subcat.png Graphic file (type png)
<use Figures/pretrends_Judaism_fe1_subcat.png>
Package pdftex.def Info: Figures/pretrends_Judaism_fe1_subcat.png  used on input line 199.
(pdftex.def)             Requested size: 212.04166pt x 127.22499pt.
<Figures/pretrends_Occult_fe1_subcat.png, id=41, 848.16875pt x 508.90125pt>
File: Figures/pretrends_Occult_fe1_subcat.png Graphic file (type png)
<use Figures/pretrends_Occult_fe1_subcat.png>
Package pdftex.def Info: Figures/pretrends_Occult_fe1_subcat.png  used on input line 203.
(pdftex.def)             Requested size: 212.04166pt x 127.22499pt.
<Figures/pretrends_Paganism_fe1_subcat.png, id=42, 848.16875pt x 508.90125pt>
File: Figures/pretrends_Paganism_fe1_subcat.png Graphic file (type png)
<use Figures/pretrends_Paganism_fe1_subcat.png>
Package pdftex.def Info: Figures/pretrends_Paganism_fe1_subcat.png  used on input line 204.
(pdftex.def)             Requested size: 212.04166pt x 127.22499pt.
<Figures/pretrends_Worship_fe1_subcat.png, id=43, 848.16875pt x 508.90125pt>
File: Figures/pretrends_Worship_fe1_subcat.png Graphic file (type png)
<use Figures/pretrends_Worship_fe1_subcat.png>
Package pdftex.def Info: Figures/pretrends_Worship_fe1_subcat.png  used on input line 205.
(pdftex.def)             Requested size: 212.04166pt x 127.22499pt.

Overfull \hbox (19.4188pt too wide) in paragraph at lines 185--208
 [][] 
 []



[5 <./Figures/pretrends_Astrology_fe1_subcat.png (PNG copy)> <./Figures/pretrends_Buddhism_fe1_subcat.png (PNG copy)> <./Figures/pretrends_Christianity_fe1_subcat.png (PNG copy)> <./Figures/pretrends_Hinduism_fe1_subcat.png (PNG copy)> <./Figures/pretrends_Islam_fe1_subcat.png (PNG copy)> <./Figures/pretrends_Judaism_fe1_subcat.png (PNG copy)> <./Figures/pretrends_Occult_fe1_subcat.png (PNG copy)> <./Figures/pretrends_Paganism_fe1_subcat.png (PNG copy)> <./Figures/pretrends_Worship_fe1_subcat.png (PNG copy)>]
<Figures/pretrends_Scientology_fe1_subcat.png, id=47, 848.16875pt x 508.90125pt>
File: Figures/pretrends_Scientology_fe1_subcat.png Graphic file (type png)
<use Figures/pretrends_Scientology_fe1_subcat.png>
Package pdftex.def Info: Figures/pretrends_Scientology_fe1_subcat.png  used on input line 225.
(pdftex.def)             Requested size: 212.04166pt x 127.22499pt.
<Figures/pretrends_Selfhelp_fe1_subcat.png, id=48, 848.16875pt x 508.90125pt>
File: Figures/pretrends_Selfhelp_fe1_subcat.png Graphic file (type png)
<use Figures/pretrends_Selfhelp_fe1_subcat.png>
Package pdftex.def Info: Figures/pretrends_Selfhelp_fe1_subcat.png  used on input line 226.
(pdftex.def)             Requested size: 212.04166pt x 127.22499pt.
<Figures/pretrends_Skeptics_fe1_subcat.png, id=49, 848.16875pt x 508.90125pt>
File: Figures/pretrends_Skeptics_fe1_subcat.png Graphic file (type png)
<use Figures/pretrends_Skeptics_fe1_subcat.png>
Package pdftex.def Info: Figures/pretrends_Skeptics_fe1_subcat.png  used on input line 227.
(pdftex.def)             Requested size: 212.04166pt x 127.22499pt.
<Figures/pretrends_Spirituality_fe1_subcat.png, id=50, 848.16875pt x 508.90125pt>
File: Figures/pretrends_Spirituality_fe1_subcat.png Graphic file (type png)
<use Figures/pretrends_Spirituality_fe1_subcat.png>
Package pdftex.def Info: Figures/pretrends_Spirituality_fe1_subcat.png  used on input line 231.
(pdftex.def)             Requested size: 212.04166pt x 127.22499pt.
<Figures/pretrends_Theology_fe1_subcat.png, id=51, 848.16875pt x 508.90125pt>
File: Figures/pretrends_Theology_fe1_subcat.png Graphic file (type png)
<use Figures/pretrends_Theology_fe1_subcat.png>
Package pdftex.def Info: Figures/pretrends_Theology_fe1_subcat.png  used on input line 232.
(pdftex.def)             Requested size: 212.04166pt x 127.22499pt.

Overfull \hbox (19.4188pt too wide) in paragraph at lines 220--235
 [][] 
 []



[6



 <./Figures/pretrends_Scientology_fe1_subcat.png (PNG copy)> <./Figures/pretrends_Selfhelp_fe1_subcat.png (PNG copy)> <./Figures/pretrends_Skeptics_fe1_subcat.png (PNG copy)> <./Figures/pretrends_Spirituality_fe1_subcat.png (PNG copy)> <./Figures/pretrends_Theology_fe1_subcat.png (PNG copy)>] (Tables/faith_fe2.tex) (Tables/god_fe2.tex) (Tables/prayer_fe2.tex) (Tables/meditation_fe2.tex) (Tables/religion_fe2.tex) (Tables/spirituality_fe2.tex)
Overfull \hbox (22.28502pt too wide) in paragraph at lines 273--274
 [] 
 []



[7

] (Tables/astrology_subcat_fe2.tex) (Tables/buddhism_subcat_fe2.tex) (Tables/christianity_subcat_fe2.tex) (Tables/hinduism_subcat_fe2.tex) (Tables/islam_subcat_fe2.tex) (Tables/judaism_subcat_fe2.tex) (Tables/occult_subcat_fe2.tex) (Tables/paganism_subcat_fe2.tex) (Tables/worship_subcat_fe2.tex) (Tables/scientology_subcat_fe2.tex) (Tables/selfhelp_subcat_fe2.tex) (Tables/skeptics_subcat_fe2.tex) (Tables/spirituality_subcat_fe2.tex) (Tables/theology_subcat_fe2.tex)

[8]
<Figures/pretrends_Faith_fe2.png, id=62, 848.16875pt x 508.90125pt>
File: Figures/pretrends_Faith_fe2.png Graphic file (type png)
<use Figures/pretrends_Faith_fe2.png>
Package pdftex.def Info: Figures/pretrends_Faith_fe2.png  used on input line 334.
(pdftex.def)             Requested size: 212.04166pt x 127.22499pt.
<Figures/pretrends_God_fe2.png, id=63, 848.16875pt x 508.90125pt>
File: Figures/pretrends_God_fe2.png Graphic file (type png)
<use Figures/pretrends_God_fe2.png>
Package pdftex.def Info: Figures/pretrends_God_fe2.png  used on input line 335.
(pdftex.def)             Requested size: 212.04166pt x 127.22499pt.
<Figures/pretrends_Prayer_fe2.png, id=64, 848.16875pt x 508.90125pt>
File: Figures/pretrends_Prayer_fe2.png Graphic file (type png)
<use Figures/pretrends_Prayer_fe2.png>
Package pdftex.def Info: Figures/pretrends_Prayer_fe2.png  used on input line 340.
(pdftex.def)             Requested size: 212.04166pt x 127.22499pt.
<Figures/pretrends_Meditation_fe2.png, id=65, 848.16875pt x 508.90125pt>
File: Figures/pretrends_Meditation_fe2.png Graphic file (type png)
<use Figures/pretrends_Meditation_fe2.png>
Package pdftex.def Info: Figures/pretrends_Meditation_fe2.png  used on input line 341.
(pdftex.def)             Requested size: 212.04166pt x 127.22499pt.
<Figures/pretrends_Religion_fe2.png, id=66, 848.16875pt x 508.90125pt>
File: Figures/pretrends_Religion_fe2.png Graphic file (type png)
<use Figures/pretrends_Religion_fe2.png>
Package pdftex.def Info: Figures/pretrends_Religion_fe2.png  used on input line 346.
(pdftex.def)             Requested size: 212.04166pt x 127.22499pt.
<Figures/pretrends_Spirituality_fe2.png, id=67, 848.16875pt x 508.90125pt>
File: Figures/pretrends_Spirituality_fe2.png Graphic file (type png)
<use Figures/pretrends_Spirituality_fe2.png>
Package pdftex.def Info: Figures/pretrends_Spirituality_fe2.png  used on input line 347.
(pdftex.def)             Requested size: 212.04166pt x 127.22499pt.


[9 <./Figures/pretrends_Faith_fe2.png (PNG copy)> <./Figures/pretrends_God_fe2.png (PNG copy)> <./Figures/pretrends_Prayer_fe2.png (PNG copy)> <./Figures/pretrends_Meditation_fe2.png (PNG copy)> <./Figures/pretrends_Religion_fe2.png (PNG copy)> <./Figures/pretrends_Spirituality_fe2.png (PNG copy)>]
<Figures/pretrends_Astrology_fe2_subcat.png, id=71, 848.16875pt x 508.90125pt>
File: Figures/pretrends_Astrology_fe2_subcat.png Graphic file (type png)
<use Figures/pretrends_Astrology_fe2_subcat.png>
Package pdftex.def Info: Figures/pretrends_Astrology_fe2_subcat.png  used on input line 368.
(pdftex.def)             Requested size: 212.04166pt x 127.22499pt.
<Figures/pretrends_Buddhism_fe2_subcat.png, id=72, 848.16875pt x 508.90125pt>
File: Figures/pretrends_Buddhism_fe2_subcat.png Graphic file (type png)
<use Figures/pretrends_Buddhism_fe2_subcat.png>
Package pdftex.def Info: Figures/pretrends_Buddhism_fe2_subcat.png  used on input line 369.
(pdftex.def)             Requested size: 212.04166pt x 127.22499pt.
<Figures/pretrends_Christianity_fe2_subcat.png, id=73, 848.16875pt x 508.90125pt>
File: Figures/pretrends_Christianity_fe2_subcat.png Graphic file (type png)
<use Figures/pretrends_Christianity_fe2_subcat.png>
Package pdftex.def Info: Figures/pretrends_Christianity_fe2_subcat.png  used on input line 370.
(pdftex.def)             Requested size: 212.04166pt x 127.22499pt.
<Figures/pretrends_Hinduism_fe2_subcat.png, id=74, 848.16875pt x 508.90125pt>
File: Figures/pretrends_Hinduism_fe2_subcat.png Graphic file (type png)
<use Figures/pretrends_Hinduism_fe2_subcat.png>
Package pdftex.def Info: Figures/pretrends_Hinduism_fe2_subcat.png  used on input line 375.
(pdftex.def)             Requested size: 212.04166pt x 127.22499pt.
<Figures/pretrends_Islam_fe2_subcat.png, id=75, 848.16875pt x 508.90125pt>
File: Figures/pretrends_Islam_fe2_subcat.png Graphic file (type png)
<use Figures/pretrends_Islam_fe2_subcat.png>
Package pdftex.def Info: Figures/pretrends_Islam_fe2_subcat.png  used on input line 376.
(pdftex.def)             Requested size: 212.04166pt x 127.22499pt.
<Figures/pretrends_Judaism_fe2_subcat.png, id=76, 848.16875pt x 508.90125pt>
File: Figures/pretrends_Judaism_fe2_subcat.png Graphic file (type png)
<use Figures/pretrends_Judaism_fe2_subcat.png>
Package pdftex.def Info: Figures/pretrends_Judaism_fe2_subcat.png  used on input line 377.
(pdftex.def)             Requested size: 212.04166pt x 127.22499pt.
<Figures/pretrends_Occult_fe2_subcat.png, id=77, 848.16875pt x 508.90125pt>
File: Figures/pretrends_Occult_fe2_subcat.png Graphic file (type png)
<use Figures/pretrends_Occult_fe2_subcat.png>
Package pdftex.def Info: Figures/pretrends_Occult_fe2_subcat.png  used on input line 381.
(pdftex.def)             Requested size: 212.04166pt x 127.22499pt.
<Figures/pretrends_Paganism_fe2_subcat.png, id=78, 848.16875pt x 508.90125pt>
File: Figures/pretrends_Paganism_fe2_subcat.png Graphic file (type png)
<use Figures/pretrends_Paganism_fe2_subcat.png>
Package pdftex.def Info: Figures/pretrends_Paganism_fe2_subcat.png  used on input line 382.
(pdftex.def)             Requested size: 212.04166pt x 127.22499pt.
<Figures/pretrends_Worship_fe2_subcat.png, id=79, 848.16875pt x 508.90125pt>
File: Figures/pretrends_Worship_fe2_subcat.png Graphic file (type png)
<use Figures/pretrends_Worship_fe2_subcat.png>
Package pdftex.def Info: Figures/pretrends_Worship_fe2_subcat.png  used on input line 383.
(pdftex.def)             Requested size: 212.04166pt x 127.22499pt.

Overfull \hbox (19.4188pt too wide) in paragraph at lines 363--386
 [][] 
 []



[10 <./Figures/pretrends_Astrology_fe2_subcat.png (PNG copy)> <./Figures/pretrends_Buddhism_fe2_subcat.png (PNG copy)> <./Figures/pretrends_Christianity_fe2_subcat.png (PNG copy)> <./Figures/pretrends_Hinduism_fe2_subcat.png (PNG copy)> <./Figures/pretrends_Islam_fe2_subcat.png (PNG copy)> <./Figures/pretrends_Judaism_fe2_subcat.png (PNG copy)> <./Figures/pretrends_Occult_fe2_subcat.png (PNG copy)> <./Figures/pretrends_Paganism_fe2_subcat.png (PNG copy)> <./Figures/pretrends_Worship_fe2_subcat.png (PNG copy)>]
<Figures/pretrends_Scientology_fe2_subcat.png, id=83, 848.16875pt x 508.90125pt>
File: Figures/pretrends_Scientology_fe2_subcat.png Graphic file (type png)
<use Figures/pretrends_Scientology_fe2_subcat.png>
Package pdftex.def Info: Figures/pretrends_Scientology_fe2_subcat.png  used on input line 403.
(pdftex.def)             Requested size: 212.04166pt x 127.22499pt.
<Figures/pretrends_Selfhelp_fe2_subcat.png, id=84, 848.16875pt x 508.90125pt>
File: Figures/pretrends_Selfhelp_fe2_subcat.png Graphic file (type png)
<use Figures/pretrends_Selfhelp_fe2_subcat.png>
Package pdftex.def Info: Figures/pretrends_Selfhelp_fe2_subcat.png  used on input line 404.
(pdftex.def)             Requested size: 212.04166pt x 127.22499pt.
<Figures/pretrends_Skeptics_fe2_subcat.png, id=85, 848.16875pt x 508.90125pt>
File: Figures/pretrends_Skeptics_fe2_subcat.png Graphic file (type png)
<use Figures/pretrends_Skeptics_fe2_subcat.png>
Package pdftex.def Info: Figures/pretrends_Skeptics_fe2_subcat.png  used on input line 405.
(pdftex.def)             Requested size: 212.04166pt x 127.22499pt.
<Figures/pretrends_Spirituality_fe2_subcat.png, id=86, 848.16875pt x 508.90125pt>
File: Figures/pretrends_Spirituality_fe2_subcat.png Graphic file (type png)
<use Figures/pretrends_Spirituality_fe2_subcat.png>
Package pdftex.def Info: Figures/pretrends_Spirituality_fe2_subcat.png  used on input line 409.
(pdftex.def)             Requested size: 212.04166pt x 127.22499pt.
<Figures/pretrends_Theology_fe2_subcat.png, id=87, 848.16875pt x 508.90125pt>
File: Figures/pretrends_Theology_fe2_subcat.png Graphic file (type png)
<use Figures/pretrends_Theology_fe2_subcat.png>
Package pdftex.def Info: Figures/pretrends_Theology_fe2_subcat.png  used on input line 410.
(pdftex.def)             Requested size: 212.04166pt x 127.22499pt.

Overfull \hbox (19.4188pt too wide) in paragraph at lines 398--413
 [][] 
 []



[11



 <./Figures/pretrends_Scientology_fe2_subcat.png (PNG copy)> <./Figures/pretrends_Selfhelp_fe2_subcat.png (PNG copy)> <./Figures/pretrends_Skeptics_fe2_subcat.png (PNG copy)> <./Figures/pretrends_Spirituality_fe2_subcat.png (PNG copy)> <./Figures/pretrends_Theology_fe2_subcat.png (PNG copy)>] (Tables/faith_fe3.tex) (Tables/god_fe3.tex) (Tables/prayer_fe3.tex) (Tables/meditation_fe3.tex) (Tables/religion_fe3.tex) (Tables/spirituality_fe3.tex)
Overfull \hbox (22.28502pt too wide) in paragraph at lines 452--453
 [] 
 []



[12

] (Tables/astrology_subcat_fe3.tex) (Tables/buddhism_subcat_fe3.tex) (Tables/christianity_subcat_fe3.tex) (Tables/hinduism_subcat_fe3.tex) (Tables/islam_subcat_fe3.tex) (Tables/judaism_subcat_fe3.tex) (Tables/occult_subcat_fe3.tex) (Tables/paganism_subcat_fe3.tex) (Tables/worship_subcat_fe3.tex) (Tables/scientology_subcat_fe3.tex) (Tables/selfhelp_subcat_fe3.tex) (Tables/skeptics_subcat_fe3.tex) (Tables/spirituality_subcat_fe3.tex) (Tables/theology_subcat_fe3.tex)

[13]
<Figures/pretrends_Faith_fe3.png, id=98, 848.16875pt x 508.90125pt>
File: Figures/pretrends_Faith_fe3.png Graphic file (type png)
<use Figures/pretrends_Faith_fe3.png>
Package pdftex.def Info: Figures/pretrends_Faith_fe3.png  used on input line 513.
(pdftex.def)             Requested size: 212.04166pt x 127.22499pt.
<Figures/pretrends_God_fe3.png, id=99, 848.16875pt x 508.90125pt>
File: Figures/pretrends_God_fe3.png Graphic file (type png)
<use Figures/pretrends_God_fe3.png>
Package pdftex.def Info: Figures/pretrends_God_fe3.png  used on input line 514.
(pdftex.def)             Requested size: 212.04166pt x 127.22499pt.
<Figures/pretrends_Prayer_fe3.png, id=100, 848.16875pt x 508.90125pt>
File: Figures/pretrends_Prayer_fe3.png Graphic file (type png)
<use Figures/pretrends_Prayer_fe3.png>
Package pdftex.def Info: Figures/pretrends_Prayer_fe3.png  used on input line 519.
(pdftex.def)             Requested size: 212.04166pt x 127.22499pt.
<Figures/pretrends_Meditation_fe3.png, id=101, 848.16875pt x 508.90125pt>
File: Figures/pretrends_Meditation_fe3.png Graphic file (type png)
<use Figures/pretrends_Meditation_fe3.png>
Package pdftex.def Info: Figures/pretrends_Meditation_fe3.png  used on input line 520.
(pdftex.def)             Requested size: 212.04166pt x 127.22499pt.
<Figures/pretrends_Religion_fe3.png, id=102, 848.16875pt x 508.90125pt>
File: Figures/pretrends_Religion_fe3.png Graphic file (type png)
<use Figures/pretrends_Religion_fe3.png>
Package pdftex.def Info: Figures/pretrends_Religion_fe3.png  used on input line 525.
(pdftex.def)             Requested size: 212.04166pt x 127.22499pt.
<Figures/pretrends_Spirituality_fe3.png, id=103, 848.16875pt x 508.90125pt>
File: Figures/pretrends_Spirituality_fe3.png Graphic file (type png)
<use Figures/pretrends_Spirituality_fe3.png>
Package pdftex.def Info: Figures/pretrends_Spirituality_fe3.png  used on input line 526.
(pdftex.def)             Requested size: 212.04166pt x 127.22499pt.


[14 <./Figures/pretrends_Faith_fe3.png (PNG copy)> <./Figures/pretrends_God_fe3.png (PNG copy)> <./Figures/pretrends_Prayer_fe3.png (PNG copy)> <./Figures/pretrends_Meditation_fe3.png (PNG copy)> <./Figures/pretrends_Religion_fe3.png (PNG copy)> <./Figures/pretrends_Spirituality_fe3.png (PNG copy)>]
<Figures/pretrends_Astrology_fe3_subcat.png, id=107, 848.16875pt x 508.90125pt>
File: Figures/pretrends_Astrology_fe3_subcat.png Graphic file (type png)
<use Figures/pretrends_Astrology_fe3_subcat.png>
Package pdftex.def Info: Figures/pretrends_Astrology_fe3_subcat.png  used on input line 547.
(pdftex.def)             Requested size: 212.04166pt x 127.22499pt.
<Figures/pretrends_Buddhism_fe3_subcat.png, id=108, 848.16875pt x 508.90125pt>
File: Figures/pretrends_Buddhism_fe3_subcat.png Graphic file (type png)
<use Figures/pretrends_Buddhism_fe3_subcat.png>
Package pdftex.def Info: Figures/pretrends_Buddhism_fe3_subcat.png  used on input line 548.
(pdftex.def)             Requested size: 212.04166pt x 127.22499pt.
<Figures/pretrends_Christianity_fe3_subcat.png, id=109, 848.16875pt x 508.90125pt>
File: Figures/pretrends_Christianity_fe3_subcat.png Graphic file (type png)
<use Figures/pretrends_Christianity_fe3_subcat.png>
Package pdftex.def Info: Figures/pretrends_Christianity_fe3_subcat.png  used on input line 549.
(pdftex.def)             Requested size: 212.04166pt x 127.22499pt.
<Figures/pretrends_Hinduism_fe3_subcat.png, id=110, 848.16875pt x 508.90125pt>
File: Figures/pretrends_Hinduism_fe3_subcat.png Graphic file (type png)
<use Figures/pretrends_Hinduism_fe3_subcat.png>
Package pdftex.def Info: Figures/pretrends_Hinduism_fe3_subcat.png  used on input line 554.
(pdftex.def)             Requested size: 212.04166pt x 127.22499pt.
<Figures/pretrends_Islam_fe3_subcat.png, id=111, 848.16875pt x 508.90125pt>
File: Figures/pretrends_Islam_fe3_subcat.png Graphic file (type png)
<use Figures/pretrends_Islam_fe3_subcat.png>
Package pdftex.def Info: Figures/pretrends_Islam_fe3_subcat.png  used on input line 555.
(pdftex.def)             Requested size: 212.04166pt x 127.22499pt.
<Figures/pretrends_Judaism_fe3_subcat.png, id=112, 848.16875pt x 508.90125pt>
File: Figures/pretrends_Judaism_fe3_subcat.png Graphic file (type png)
<use Figures/pretrends_Judaism_fe3_subcat.png>
Package pdftex.def Info: Figures/pretrends_Judaism_fe3_subcat.png  used on input line 556.
(pdftex.def)             Requested size: 212.04166pt x 127.22499pt.
<Figures/pretrends_Occult_fe3_subcat.png, id=113, 848.16875pt x 508.90125pt>
File: Figures/pretrends_Occult_fe3_subcat.png Graphic file (type png)
<use Figures/pretrends_Occult_fe3_subcat.png>
Package pdftex.def Info: Figures/pretrends_Occult_fe3_subcat.png  used on input line 560.
(pdftex.def)             Requested size: 212.04166pt x 127.22499pt.
<Figures/pretrends_Paganism_fe3_subcat.png, id=114, 848.16875pt x 508.90125pt>
File: Figures/pretrends_Paganism_fe3_subcat.png Graphic file (type png)
<use Figures/pretrends_Paganism_fe3_subcat.png>
Package pdftex.def Info: Figures/pretrends_Paganism_fe3_subcat.png  used on input line 561.
(pdftex.def)             Requested size: 212.04166pt x 127.22499pt.
<Figures/pretrends_Worship_fe3_subcat.png, id=115, 848.16875pt x 508.90125pt>
File: Figures/pretrends_Worship_fe3_subcat.png Graphic file (type png)
<use Figures/pretrends_Worship_fe3_subcat.png>
Package pdftex.def Info: Figures/pretrends_Worship_fe3_subcat.png  used on input line 562.
(pdftex.def)             Requested size: 212.04166pt x 127.22499pt.

Overfull \hbox (19.4188pt too wide) in paragraph at lines 542--565
 [][] 
 []



[15 <./Figures/pretrends_Astrology_fe3_subcat.png (PNG copy)> <./Figures/pretrends_Buddhism_fe3_subcat.png (PNG copy)> <./Figures/pretrends_Christianity_fe3_subcat.png (PNG copy)> <./Figures/pretrends_Hinduism_fe3_subcat.png (PNG copy)> <./Figures/pretrends_Islam_fe3_subcat.png (PNG copy)> <./Figures/pretrends_Judaism_fe3_subcat.png (PNG copy)> <./Figures/pretrends_Occult_fe3_subcat.png (PNG copy)> <./Figures/pretrends_Paganism_fe3_subcat.png (PNG copy)> <./Figures/pretrends_Worship_fe3_subcat.png (PNG copy)>]
<Figures/pretrends_Scientology_fe3_subcat.png, id=119, 848.16875pt x 508.90125pt>
File: Figures/pretrends_Scientology_fe3_subcat.png Graphic file (type png)
<use Figures/pretrends_Scientology_fe3_subcat.png>
Package pdftex.def Info: Figures/pretrends_Scientology_fe3_subcat.png  used on input line 582.
(pdftex.def)             Requested size: 212.04166pt x 127.22499pt.
<Figures/pretrends_Selfhelp_fe3_subcat.png, id=120, 848.16875pt x 508.90125pt>
File: Figures/pretrends_Selfhelp_fe3_subcat.png Graphic file (type png)
<use Figures/pretrends_Selfhelp_fe3_subcat.png>
Package pdftex.def Info: Figures/pretrends_Selfhelp_fe3_subcat.png  used on input line 583.
(pdftex.def)             Requested size: 212.04166pt x 127.22499pt.
<Figures/pretrends_Skeptics_fe3_subcat.png, id=121, 848.16875pt x 508.90125pt>
File: Figures/pretrends_Skeptics_fe3_subcat.png Graphic file (type png)
<use Figures/pretrends_Skeptics_fe3_subcat.png>
Package pdftex.def Info: Figures/pretrends_Skeptics_fe3_subcat.png  used on input line 584.
(pdftex.def)             Requested size: 212.04166pt x 127.22499pt.
<Figures/pretrends_Spirituality_fe3_subcat.png, id=122, 848.16875pt x 508.90125pt>
File: Figures/pretrends_Spirituality_fe3_subcat.png Graphic file (type png)
<use Figures/pretrends_Spirituality_fe3_subcat.png>
Package pdftex.def Info: Figures/pretrends_Spirituality_fe3_subcat.png  used on input line 588.
(pdftex.def)             Requested size: 212.04166pt x 127.22499pt.
<Figures/pretrends_Theology_fe3_subcat.png, id=123, 848.16875pt x 508.90125pt>
File: Figures/pretrends_Theology_fe3_subcat.png Graphic file (type png)
<use Figures/pretrends_Theology_fe3_subcat.png>
Package pdftex.def Info: Figures/pretrends_Theology_fe3_subcat.png  used on input line 589.
(pdftex.def)             Requested size: 212.04166pt x 127.22499pt.

Overfull \hbox (19.4188pt too wide) in paragraph at lines 577--592
 [][] 
 []



[16



 <./Figures/pretrends_Scientology_fe3_subcat.png (PNG copy)> <./Figures/pretrends_Selfhelp_fe3_subcat.png (PNG copy)> <./Figures/pretrends_Skeptics_fe3_subcat.png (PNG copy)> <./Figures/pretrends_Spirituality_fe3_subcat.png (PNG copy)> <./Figures/pretrends_Theology_fe3_subcat.png (PNG copy)>] (preliminary_results.aux)
 ***********
LaTeX2e <2025-06-01> patch level 1
L3 programming layer <2025-06-09>
 ***********
 ) 
Here is how much of TeX's memory you used:
 4243 strings out of 468221
 89808 string characters out of 5428016
 515464 words of memory out of 5000000
 32544 multiletter control sequences out of 15000+600000
 633662 words of font info for 70 fonts, out of 8000000 for 9000
 1141 hyphenation exceptions out of 8191
 66i,13n,67p,759b,349s stack positions out of 10000i,1000n,20000p,200000b,200000s
 <C:\Users\ALBERTO TRELLES\AppData\Local\MiKTeX\fonts/pk/ljfour/jknappen/ec/dpi600\tcrm1000.pk><C:/Users/ALBERTO TRELLES/AppData/Local/Programs/MiKTeX/fonts/type1/public/amsfonts/cm/cmbx10.pfb><C:/Users/ALBERTO TRELLES/AppData/Local/Programs/MiKTeX/fonts/type1/public/amsfonts/cm/cmbx12.pfb><C:/Users/ALBERTO TRELLES/AppData/Local/Programs/MiKTeX/fonts/type1/public/amsfonts/cm/cmbx7.pfb><C:/Users/ALBERTO TRELLES/AppData/Local/Programs/MiKTeX/fonts/type1/public/amsfonts/cm/cmex10.pfb><C:/Users/ALBERTO TRELLES/AppData/Local/Programs/MiKTeX/fonts/type1/public/amsfonts/cm/cmmi10.pfb><C:/Users/ALBERTO TRELLES/AppData/Local/Programs/MiKTeX/fonts/type1/public/amsfonts/cm/cmmi7.pfb><C:/Users/ALBERTO TRELLES/AppData/Local/Programs/MiKTeX/fonts/type1/public/amsfonts/cm/cmr10.pfb><C:/Users/ALBERTO TRELLES/AppData/Local/Programs/MiKTeX/fonts/type1/public/amsfonts/cm/cmr5.pfb><C:/Users/ALBERTO TRELLES/AppData/Local/Programs/MiKTeX/fonts/type1/public/amsfonts/cm/cmr6.pfb><C:/Users/ALBERTO TRELLES/AppData/Local/Programs/MiKTeX/fonts/type1/public/amsfonts/cm/cmr7.pfb><C:/Users/ALBERTO TRELLES/AppData/Local/Programs/MiKTeX/fonts/type1/public/amsfonts/cm/cmr8.pfb><C:/Users/ALBERTO TRELLES/AppData/Local/Programs/MiKTeX/fonts/type1/public/amsfonts/cm/cmsy10.pfb><C:/Users/ALBERTO TRELLES/AppData/Local/Programs/MiKTeX/fonts/type1/public/amsfonts/cm/cmsy7.pfb><C:/Users/ALBERTO TRELLES/AppData/Local/Programs/MiKTeX/fonts/type1/public/doublestroke/dsrom10.pfb>
Output written on preliminary_results.pdf (16 pages, 2697122 bytes).
PDF statistics:
 189 PDF objects out of 1000 (max. 8388607)
 0 named destinations out of 1000 (max. 500000)
 301 words of extra memory for PDF output out of 10000 (max. 10000000)

